#! /c/Source/iverilog-install/bin/vvp
:ivl_version "12.0 (devel)" "(s20150603-1539-g2693dd32b)";
:ivl_delay_selection "TYPICAL";
:vpi_time_precision + 0;
:vpi_module "C:\iverilog\lib\ivl\system.vpi";
:vpi_module "C:\iverilog\lib\ivl\vhdl_sys.vpi";
:vpi_module "C:\iverilog\lib\ivl\vhdl_textio.vpi";
:vpi_module "C:\iverilog\lib\ivl\v2005_math.vpi";
:vpi_module "C:\iverilog\lib\ivl\va_math.vpi";
S_0000024febbb68a0 .scope module, "btog_tb" "btog_tb" 2 1;
 .timescale 0 0;
v0000024febab3ec0_0 .var "a", 3 0;
v0000024febab3f60_0 .net "b", 3 0, L_0000024febab3b00;  1 drivers
S_0000024febbb6a30 .scope module, "uut" "btog" 2 5, 3 1 0, S_0000024febbb68a0;
 .timescale 0 0;
    .port_info 0 /INPUT 4 "a";
    .port_info 1 /OUTPUT 4 "b";
L_0000024febab7e30 .functor XOR 1, L_0000024febab40a0, L_0000024febab4460, C4<0>, C4<0>;
L_0000024febab8060 .functor XOR 1, L_0000024febab3920, L_0000024febab3560, C4<0>, C4<0>;
L_0000024febab7ab0 .functor XOR 1, L_0000024febab3600, L_0000024febab36a0, C4<0>, C4<0>;
v0000024febbb71a0_0 .net *"_ivl_10", 0 0, L_0000024febab7e30;  1 drivers
v0000024febbba700_0 .net *"_ivl_15", 0 0, L_0000024febab3920;  1 drivers
v0000024febabad90_0 .net *"_ivl_17", 0 0, L_0000024febab3560;  1 drivers
v0000024febbb6bc0_0 .net *"_ivl_18", 0 0, L_0000024febab8060;  1 drivers
v0000024febbb6c60_0 .net *"_ivl_24", 0 0, L_0000024febab3600;  1 drivers
v0000024febbbb820_0 .net *"_ivl_26", 0 0, L_0000024febab36a0;  1 drivers
v0000024febbbb8c0_0 .net *"_ivl_27", 0 0, L_0000024febab7ab0;  1 drivers
v0000024febab4140_0 .net *"_ivl_3", 0 0, L_0000024febab4000;  1 drivers
v0000024febab4280_0 .net *"_ivl_7", 0 0, L_0000024febab40a0;  1 drivers
v0000024febab43c0_0 .net *"_ivl_9", 0 0, L_0000024febab4460;  1 drivers
v0000024febab41e0_0 .net "a", 3 0, v0000024febab3ec0_0;  1 drivers
v0000024febab4320_0 .net "b", 3 0, L_0000024febab3b00;  alias, 1 drivers
L_0000024febab4000 .part v0000024febab3ec0_0, 3, 1;
L_0000024febab40a0 .part v0000024febab3ec0_0, 3, 1;
L_0000024febab4460 .part v0000024febab3ec0_0, 2, 1;
L_0000024febab3920 .part v0000024febab3ec0_0, 2, 1;
L_0000024febab3560 .part v0000024febab3ec0_0, 1, 1;
L_0000024febab3b00 .concat8 [ 1 1 1 1], L_0000024febab7ab0, L_0000024febab8060, L_0000024febab7e30, L_0000024febab4000;
L_0000024febab3600 .part v0000024febab3ec0_0, 1, 1;
L_0000024febab36a0 .part v0000024febab3ec0_0, 0, 1;
    .scope S_0000024febbb68a0;
T_0 ;
    %vpi_call 2 7 "$dumpfile", "btog.vcd" {0 0 0};
    %vpi_call 2 8 "$dumpvars", 32'sb00000000000000000000000000000000, S_0000024febbb68a0 {0 0 0};
    %pushi/vec4 0, 0, 4;
    %store/vec4 v0000024febab3ec0_0, 0, 4;
    %delay 10, 0;
    %pushi/vec4 1, 0, 4;
    %store/vec4 v0000024febab3ec0_0, 0, 4;
    %delay 10, 0;
    %pushi/vec4 2, 0, 4;
    %store/vec4 v0000024febab3ec0_0, 0, 4;
    %delay 10, 0;
    %pushi/vec4 3, 0, 4;
    %store/vec4 v0000024febab3ec0_0, 0, 4;
    %delay 10, 0;
    %pushi/vec4 4, 0, 4;
    %store/vec4 v0000024febab3ec0_0, 0, 4;
    %delay 10, 0;
    %pushi/vec4 5, 0, 4;
    %store/vec4 v0000024febab3ec0_0, 0, 4;
    %delay 10, 0;
    %pushi/vec4 5, 0, 4;
    %store/vec4 v0000024febab3ec0_0, 0, 4;
    %delay 10, 0;
    %pushi/vec4 6, 0, 4;
    %store/vec4 v0000024febab3ec0_0, 0, 4;
    %delay 10, 0;
    %pushi/vec4 7, 0, 4;
    %store/vec4 v0000024febab3ec0_0, 0, 4;
    %delay 10, 0;
    %pushi/vec4 8, 0, 4;
    %store/vec4 v0000024febab3ec0_0, 0, 4;
    %delay 10, 0;
    %pushi/vec4 9, 0, 4;
    %store/vec4 v0000024febab3ec0_0, 0, 4;
    %delay 10, 0;
    %pushi/vec4 10, 0, 4;
    %store/vec4 v0000024febab3ec0_0, 0, 4;
    %delay 10, 0;
    %pushi/vec4 11, 0, 4;
    %store/vec4 v0000024febab3ec0_0, 0, 4;
    %delay 10, 0;
    %pushi/vec4 12, 0, 4;
    %store/vec4 v0000024febab3ec0_0, 0, 4;
    %delay 10, 0;
    %pushi/vec4 13, 0, 4;
    %store/vec4 v0000024febab3ec0_0, 0, 4;
    %delay 10, 0;
    %pushi/vec4 14, 0, 4;
    %store/vec4 v0000024febab3ec0_0, 0, 4;
    %delay 10, 0;
    %pushi/vec4 15, 0, 4;
    %store/vec4 v0000024febab3ec0_0, 0, 4;
    %delay 10, 0;
    %end;
    .thread T_0;
# The file index is used to find the file name in the following table.
:file_names 4;
    "N/A";
    "<interactive>";
    "btog_tb.v";
    "btog.v";
